2014-08-21 01:57:42
-------------------
(live transaction) --> https://api-3t.paypal.com/nvp
Request Headers: 
Array
(
    [0] => Content-Type: text/namevalue
    [1] => X-VPS-Timeout: 45
    [2] => X-VPS-VIT-Client-Type: PHP/cURL
    [3] => X-VPS-VIT-Integration-Product: PHP::Zen Cart - WPP-NVP
    [4] => X-VPS-VIT-Integration-Version: 1.3.8a
)


Request Parameters: {DoExpressCheckoutPayment} 
Array
(
    [AMT] => 72.15
    [HANDLINGAMT] => 72.15
    [ITEMAMT] => 0.00
    [SHIPTONAME] => margus sibul
    [SHIPTOSTREET] => ravila49-24
    [SHIPTOCITY] => Tartu
    [SHIPTOSTATE] => Tartumaa
    [SHIPTOZIP] => 50408
    [SHIPTOCOUNTRYCODE] => EE
    [BUTTONSOURCE] => ZenCart-EC_us
    [TOKEN] => EC-3E9885179P124601D
    [PAYERID] => BWEAQ38H9XMJA
    [PAYMENTACTION] => Sale
    [NOTIFYURL] => http://www.fpvok.com/ipn_main_handler.php
    [METHOD] => DoExpressCheckoutPayment
    [CURRENCYCODE] => USD
    [USER] => 569559041_api1.qq.com
    [PWD] => ****************
    [VERSION] => 3.2
    [SIGNATURE] => ****************************************************T.zG
)


Response: 
Array
(
    [TIMESTAMP] => 2014-08-20T17:57:46Z
    [CORRELATIONID] => 12ae715fdc58a
    [ACK] => Failure
    [VERSION] => 3.2
    [BUILD] => 12364540
    [L_ERRORCODE0] => 10413
    [L_SHORTMESSAGE0] => Transaction refused because of an invalid argument. See additional error messages for details.
    [L_LONGMESSAGE0] => The totals of the cart item amounts do not match order amounts.
    [L_SEVERITYCODE0] => Error
    [CURL_ERRORS] => 
)


DoExpressCheckoutPayment, Elapsed: 594ms -- Failure

TIMESTAMP=2014%2d08%2d20T17%3a57%3a46Z&CORRELATIONID=12ae715fdc58a&ACK=Failure&VERSION=3%2e2&BUILD=12364540&L_ERRORCODE0=10413&L_SHORTMESSAGE0=Transaction%20refused%20because%20of%20an%20invalid%20argument%2e%20See%20additional%20error%20messages%20for%20details%2e&L_LONGMESSAGE0=The%20totals%20of%20the%20cart%20item%20amounts%20do%20not%20match%20order%20amounts%2e&L_SEVERITYCODE0=Error&CURL_ERRORS=

