2015-04-03 07:55:29
-------------------
(live transaction) --> https://api-3t.paypal.com/nvp
Request Headers: 
Array
(
    [0] => Content-Type: text/namevalue
    [1] => X-VPS-Timeout: 90
    [2] => X-VPS-VIT-Client-Type: PHP/cURL
    [3] => X-VPS-VIT-Integration-Product: PHP::Zen Cart(R) - PayPal/NVP
    [4] => X-VPS-VIT-Integration-Version: 1.5.1
)


Request Parameters: {SetExpressCheckout} 
Array
(
    [AMT] => 125.30
    [ITEMAMT] => 125.30
    [L_NAME0] => MODULES_PAYMENT_PAYPALWPP_AGGREGATE_CART_CONTENTS
    [L_AMT0] => 125.30
    [CURRENCYCODE] => USD
    [LOCALECODE] => US
    [GIFTMESSAGEENABLE] => 0
    [GIFTRECEIPTEENABLE] => 0
    [GIFTWRAPENABLE] => 0
    [GIFTWRAPNAME] => 
    [GIFTWRAPAMOUNT] => 0
    [BUYEREMAILOPTINENABLE] => 0
    [CUSTOMERSERVICENUMBER] => 
    [BRANDNAME] => fpvok
    [PAYMENTACTION] => Sale
    [ALLOWNOTE] => 1
    [LANDINGPAGE] => Billing
    [NOSHIPPING] => 0
    [RETURNURL] => http://www.fpvok.com/ipn_main_handler.php?type=ec
    [CANCELURL] => http://www.fpvok.com/index.php?main_page=shopping_cart&ec_cancel=1
    [PAGESTYLE] => fpvok
    [METHOD] => SetExpressCheckout
    [USER] => 569559041_api1.qq.com
    [PWD] => ****************
    [VERSION] => 61.0
    [SIGNATURE] => ****************************************************T.zG
)


Response: 
Array
(
    [] => 
    [CURL_ERRORS] => (35) error:14094410:SSL routines:SSL3_READ_BYTES:sslv3 alert handshake failure
)

(35) error:14094410:SSL routines:SSL3_READ_BYTES:sslv3 alert handshake failure
Array
(
    [url] => https://api-3t.paypal.com/nvp
    [content_type] => 
    [http_code] => 0
    [header_size] => 0
    [request_size] => 0
    [filetime] => -1
    [ssl_verify_result] => 0
    [redirect_count] => 0
    [total_time] => 0
    [namelookup_time] => 0.068453
    [connect_time] => 0.122029
    [pretransfer_time] => 0
    [size_upload] => 0
    [size_download] => 0
    [speed_download] => 0
    [speed_upload] => 0
    [download_content_length] => 0
    [upload_content_length] => 0
    [starttransfer_time] => 0
    [redirect_time] => 0
)


SetExpressCheckout, Elapsed: 209ms -- Failed
(35) error:14094410:SSL routines:SSL3_READ_BYTES:sslv3 alert handshake failure
Array
(
    [url] => https://api-3t.paypal.com/nvp
    [content_type] => 
    [http_code] => 0
    [header_size] => 0
    [request_size] => 0
    [filetime] => -1
    [ssl_verify_result] => 0
    [redirect_count] => 0
    [total_time] => 0
    [namelookup_time] => 0.068453
    [connect_time] => 0.122029
    [pretransfer_time] => 0
    [size_upload] => 0
    [size_download] => 0
    [speed_download] => 0
    [speed_upload] => 0
    [download_content_length] => 0
    [upload_content_length] => 0
    [starttransfer_time] => 0
    [redirect_time] => 0
)


